<?xml version="1.0" encoding="UTF-8"?>
<!-- Generated by org.testng.reporters.JUnitXMLReporter -->
<testsuite ignored="0" hostname="LAPTOP-NODOCM4P" failures="2" tests="4" name="Test" time="11.728" errors="0" timestamp="2021-11-21T13:28:33 IST">
  <testcase classname="stepDefinitions.BacktoHomePage" name="and_clicks_view_all" time="0.012">
    <failure type="java.lang.NullPointerException">
      <![CDATA[java.lang.NullPointerException
at stepDefinitions.BacktoHomePage.and_clicks_view_all(BacktoHomePage.java:35)
at java.base/java.util.ArrayList.forEach(ArrayList.java:1540)
... Removed 27 stack frames]]>
    </failure>
  </testcase> <!-- and_clicks_view_all -->
  <testcase classname="stepDefinitions.BacktoHomePage" name="clicks_on_top_to_go_back_to_home_page" time="0.015">
    <failure type="java.lang.NullPointerException">
      <![CDATA[java.lang.NullPointerException
at stepDefinitions.BacktoHomePage.clicks_on_top_to_go_back_to_home_page(BacktoHomePage.java:48)
at java.base/java.util.ArrayList.forEach(ArrayList.java:1540)
... Removed 27 stack frames]]>
    </failure>
  </testcase> <!-- clicks_on_top_to_go_back_to_home_page -->
  <testcase classname="stepDefinitions.BacktoHomePage" name="page_displays" time="0.002"/>
  <testcase classname="stepDefinitions.BacktoHomePage" name="url_landing_page" time="11.634"/>
</testsuite> <!-- Test -->
